CRITICAL - 2023-03-02 01:09:09 --> Invalid file: errors/html/error_401.php
in SYSTEMPATH\Exceptions\FrameworkException.php on line 33.
 1 SYSTEMPATH\View\View.php(201): CodeIgniter\Exceptions\FrameworkException::forInvalidFile('errors/html/error_401.php')
 2 SYSTEMPATH\Common.php(1134): CodeIgniter\View\View->render('errors/html/error_401', [], true)
 3 APPPATH\Controllers\Visiteur.php(42): view('errors/html/error_401')
 4 APPPATH\Controllers\Visiteur.php(60): App\Controllers\Visiteur->unauthorizedAccess()
 5 SYSTEMPATH\CodeIgniter.php(927): App\Controllers\Visiteur->mesFiches()
 6 SYSTEMPATH\CodeIgniter.php(482): CodeIgniter\CodeIgniter->runController(Object(App\Controllers\Visiteur))
 7 SYSTEMPATH\CodeIgniter.php(351): CodeIgniter\CodeIgniter->handleRequest(null, Object(Config\Cache), false)
 8 FCPATH\index.php(67): CodeIgniter\CodeIgniter->run()
CRITICAL - 2023-03-02 02:10:45 --> Undefined variable: montantUnitairee
in APPPATH\Views\v_visiteurVoirFiche.php on line 40.
 1 APPPATH\Views\v_visiteurVoirFiche.php(40): CodeIgniter\Debug\Exceptions->errorHandler(8, 'Undefined variable: montantUnitairee', 'APPPATH\\Views\\v_visiteurVoirFiche.php', 40, [...])
 2 SYSTEMPATH\View\View.php(213): include('APPPATH\\Views\\v_visiteurVoirFiche.php')
 3 SYSTEMPATH\View\View.php(216): CodeIgniter\View\View->CodeIgniter\View\{closure}()
 4 SYSTEMPATH\Common.php(1134): CodeIgniter\View\View->render('v_visiteurVoirFiche', [], true)
 5 APPPATH\Controllers\Visiteur.php(86): view('v_visiteurVoirFiche', [...])
 6 SYSTEMPATH\CodeIgniter.php(927): App\Controllers\Visiteur->voirMaFiche('202303')
 7 SYSTEMPATH\CodeIgniter.php(482): CodeIgniter\CodeIgniter->runController(Object(App\Controllers\Visiteur))
 8 SYSTEMPATH\CodeIgniter.php(351): CodeIgniter\CodeIgniter->handleRequest(null, Object(Config\Cache), false)
 9 FCPATH\index.php(67): CodeIgniter\CodeIgniter->run()
CRITICAL - 2023-03-02 02:11:51 --> Undefined variable: montantUnitairee
in APPPATH\Views\v_visiteurVoirFiche.php on line 40.
 1 APPPATH\Views\v_visiteurVoirFiche.php(40): CodeIgniter\Debug\Exceptions->errorHandler(8, 'Undefined variable: montantUnitairee', 'APPPATH\\Views\\v_visiteurVoirFiche.php', 40, [...])
 2 SYSTEMPATH\View\View.php(213): include('APPPATH\\Views\\v_visiteurVoirFiche.php')
 3 SYSTEMPATH\View\View.php(216): CodeIgniter\View\View->CodeIgniter\View\{closure}()
 4 SYSTEMPATH\Common.php(1134): CodeIgniter\View\View->render('v_visiteurVoirFiche', [], true)
 5 APPPATH\Controllers\Visiteur.php(86): view('v_visiteurVoirFiche', [...])
 6 SYSTEMPATH\CodeIgniter.php(927): App\Controllers\Visiteur->voirMaFiche('202303')
 7 SYSTEMPATH\CodeIgniter.php(482): CodeIgniter\CodeIgniter->runController(Object(App\Controllers\Visiteur))
 8 SYSTEMPATH\CodeIgniter.php(351): CodeIgniter\CodeIgniter->handleRequest(null, Object(Config\Cache), false)
 9 FCPATH\index.php(67): CodeIgniter\CodeIgniter->run()
