CRITICAL - 2022-12-15 01:47:42 --> Undefined variable: statut
in APPPATH\Views\l_visiteur.php on line 28.
 1 APPPATH\Views\l_visiteur.php(28): CodeIgniter\Debug\Exceptions->errorHandler(8, 'Undefined variable: statut', 'APPPATH\\Views\\l_visiteur.php', 28, [...])
 2 SYSTEMPATH\View\View.php(213): include('APPPATH\\Views\\l_visiteur.php')
 3 SYSTEMPATH\View\View.php(216): CodeIgniter\View\View->CodeIgniter\View\{closure}()
 4 SYSTEMPATH\View\View.php(229): CodeIgniter\View\View->render('l_visiteur', [], true)
 5 SYSTEMPATH\Common.php(1134): CodeIgniter\View\View->render('v_visiteurMesFiches', [], true)
 6 APPPATH\Controllers\Visiteur.php(65): view('v_visiteurMesFiches', [...])
 7 SYSTEMPATH\CodeIgniter.php(927): App\Controllers\Visiteur->mesFiches()
 8 SYSTEMPATH\CodeIgniter.php(482): CodeIgniter\CodeIgniter->runController(Object(App\Controllers\Visiteur))
 9 SYSTEMPATH\CodeIgniter.php(351): CodeIgniter\CodeIgniter->handleRequest(null, Object(Config\Cache), false)
10 FCPATH\index.php(67): CodeIgniter\CodeIgniter->run()
CRITICAL - 2022-12-15 02:01:11 --> syntax error, unexpected 'Coût' (T_STRING), expecting ';' or ','
in APPPATH\Views\v_visiteurVoirFiche.php on line 22.
 1 SYSTEMPATH\View\View.php(216): CodeIgniter\View\View->CodeIgniter\View\{closure}()
 2 SYSTEMPATH\Common.php(1134): CodeIgniter\View\View->render('v_visiteurVoirFiche', [], true)
 3 APPPATH\Controllers\Visiteur.php(86): view('v_visiteurVoirFiche', [...])
 4 SYSTEMPATH\CodeIgniter.php(927): App\Controllers\Visiteur->voirMaFiche('202210')
 5 SYSTEMPATH\CodeIgniter.php(482): CodeIgniter\CodeIgniter->runController(Object(App\Controllers\Visiteur))
 6 SYSTEMPATH\CodeIgniter.php(351): CodeIgniter\CodeIgniter->handleRequest(null, Object(Config\Cache), false)
 7 FCPATH\index.php(67): CodeIgniter\CodeIgniter->run()
CRITICAL - 2022-12-15 02:08:32 --> Undefined index: montant
in APPPATH\Views\v_visiteurVoirFiche.php on line 18.
 1 APPPATH\Views\v_visiteurVoirFiche.php(18): CodeIgniter\Debug\Exceptions->errorHandler(8, 'Undefined index: montant', 'APPPATH\\Views\\v_visiteurVoirFiche.php', 18, [...])
 2 SYSTEMPATH\View\View.php(213): include('APPPATH\\Views\\v_visiteurVoirFiche.php')
 3 SYSTEMPATH\View\View.php(216): CodeIgniter\View\View->CodeIgniter\View\{closure}()
 4 SYSTEMPATH\Common.php(1134): CodeIgniter\View\View->render('v_visiteurVoirFiche', [], true)
 5 APPPATH\Controllers\Visiteur.php(86): view('v_visiteurVoirFiche', [...])
 6 SYSTEMPATH\CodeIgniter.php(927): App\Controllers\Visiteur->voirMaFiche('202210')
 7 SYSTEMPATH\CodeIgniter.php(482): CodeIgniter\CodeIgniter->runController(Object(App\Controllers\Visiteur))
 8 SYSTEMPATH\CodeIgniter.php(351): CodeIgniter\CodeIgniter->handleRequest(null, Object(Config\Cache), false)
 9 FCPATH\index.php(67): CodeIgniter\CodeIgniter->run()
CRITICAL - 2022-12-15 02:17:52 --> syntax error, unexpected 'foreach' (T_FOREACH)
in APPPATH\Views\v_visiteurVoirFiche.php on line 13.
 1 SYSTEMPATH\View\View.php(216): CodeIgniter\View\View->CodeIgniter\View\{closure}()
 2 SYSTEMPATH\Common.php(1134): CodeIgniter\View\View->render('v_visiteurVoirFiche', [], true)
 3 APPPATH\Controllers\Visiteur.php(86): view('v_visiteurVoirFiche', [...])
 4 SYSTEMPATH\CodeIgniter.php(927): App\Controllers\Visiteur->voirMaFiche('202210')
 5 SYSTEMPATH\CodeIgniter.php(482): CodeIgniter\CodeIgniter->runController(Object(App\Controllers\Visiteur))
 6 SYSTEMPATH\CodeIgniter.php(351): CodeIgniter\CodeIgniter->handleRequest(null, Object(Config\Cache), false)
 7 FCPATH\index.php(67): CodeIgniter\CodeIgniter->run()
CRITICAL - 2022-12-15 02:18:05 --> syntax error, unexpected 'echo' (T_ECHO)
in APPPATH\Views\v_visiteurVoirFiche.php on line 24.
 1 SYSTEMPATH\View\View.php(216): CodeIgniter\View\View->CodeIgniter\View\{closure}()
 2 SYSTEMPATH\Common.php(1134): CodeIgniter\View\View->render('v_visiteurVoirFiche', [], true)
 3 APPPATH\Controllers\Visiteur.php(86): view('v_visiteurVoirFiche', [...])
 4 SYSTEMPATH\CodeIgniter.php(927): App\Controllers\Visiteur->voirMaFiche('202210')
 5 SYSTEMPATH\CodeIgniter.php(482): CodeIgniter\CodeIgniter->runController(Object(App\Controllers\Visiteur))
 6 SYSTEMPATH\CodeIgniter.php(351): CodeIgniter\CodeIgniter->handleRequest(null, Object(Config\Cache), false)
 7 FCPATH\index.php(67): CodeIgniter\CodeIgniter->run()
