CRITICAL - 2023-03-14 13:44:28 --> The framework needs the following extension(s) installed and loaded: intl.
in SYSTEMPATH\CodeIgniter.php on line 224.
 1 SYSTEMPATH\CodeIgniter.php(224): CodeIgniter\Exceptions\FrameworkException::forMissingExtension('intl')
 2 SYSTEMPATH\CodeIgniter.php(182): CodeIgniter\CodeIgniter->resolvePlatformExtensions()
 3 FCPATH\index.php(55): CodeIgniter\CodeIgniter->initialize()
CRITICAL - 2023-03-14 09:08:00 --> Invalid file: l_compatable.php
in SYSTEMPATH\Exceptions\FrameworkException.php on line 33.
 1 SYSTEMPATH\View\View.php(201): CodeIgniter\Exceptions\FrameworkException::forInvalidFile('l_compatable.php')
 2 SYSTEMPATH\View\View.php(229): CodeIgniter\View\View->render('l_compatable', [], true)
 3 SYSTEMPATH\Common.php(1134): CodeIgniter\View\View->render('v_comptableAccueil', [], true)
 4 APPPATH\Controllers\Visiteur.php(56): view('v_comptableAccueil', [...])
 5 SYSTEMPATH\CodeIgniter.php(927): App\Controllers\Visiteur->index()
 6 SYSTEMPATH\CodeIgniter.php(482): CodeIgniter\CodeIgniter->runController(Object(App\Controllers\Visiteur))
 7 SYSTEMPATH\CodeIgniter.php(351): CodeIgniter\CodeIgniter->handleRequest(null, Object(Config\Cache), false)
 8 FCPATH\index.php(67): CodeIgniter\CodeIgniter->run()
CRITICAL - 2023-03-14 09:08:15 --> Invalid file: l_compatable.php
in SYSTEMPATH\Exceptions\FrameworkException.php on line 33.
 1 SYSTEMPATH\View\View.php(201): CodeIgniter\Exceptions\FrameworkException::forInvalidFile('l_compatable.php')
 2 SYSTEMPATH\View\View.php(229): CodeIgniter\View\View->render('l_compatable', [], true)
 3 SYSTEMPATH\Common.php(1134): CodeIgniter\View\View->render('v_comptableAccueil', [], true)
 4 APPPATH\Controllers\Visiteur.php(56): view('v_comptableAccueil', [...])
 5 SYSTEMPATH\CodeIgniter.php(927): App\Controllers\Visiteur->index()
 6 SYSTEMPATH\CodeIgniter.php(482): CodeIgniter\CodeIgniter->runController(Object(App\Controllers\Visiteur))
 7 SYSTEMPATH\CodeIgniter.php(351): CodeIgniter\CodeIgniter->handleRequest(null, Object(Config\Cache), false)
 8 FCPATH\index.php(67): CodeIgniter\CodeIgniter->run()
CRITICAL - 2023-03-14 09:09:00 --> Invalid file: l_compatable.php
in SYSTEMPATH\Exceptions\FrameworkException.php on line 33.
 1 SYSTEMPATH\View\View.php(201): CodeIgniter\Exceptions\FrameworkException::forInvalidFile('l_compatable.php')
 2 SYSTEMPATH\View\View.php(229): CodeIgniter\View\View->render('l_compatable', [], true)
 3 SYSTEMPATH\Common.php(1134): CodeIgniter\View\View->render('v_comptableAccueil', [], true)
 4 APPPATH\Controllers\Visiteur.php(56): view('v_comptableAccueil', [...])
 5 SYSTEMPATH\CodeIgniter.php(927): App\Controllers\Visiteur->index()
 6 SYSTEMPATH\CodeIgniter.php(482): CodeIgniter\CodeIgniter->runController(Object(App\Controllers\Visiteur))
 7 SYSTEMPATH\CodeIgniter.php(351): CodeIgniter\CodeIgniter->handleRequest(null, Object(Config\Cache), false)
 8 FCPATH\index.php(67): CodeIgniter\CodeIgniter->run()
CRITICAL - 2023-03-14 09:09:02 --> Invalid file: l_compatable.php
in SYSTEMPATH\Exceptions\FrameworkException.php on line 33.
 1 SYSTEMPATH\View\View.php(201): CodeIgniter\Exceptions\FrameworkException::forInvalidFile('l_compatable.php')
 2 SYSTEMPATH\View\View.php(229): CodeIgniter\View\View->render('l_compatable', [], true)
 3 SYSTEMPATH\Common.php(1134): CodeIgniter\View\View->render('v_comptableAccueil', [], true)
 4 APPPATH\Controllers\Visiteur.php(56): view('v_comptableAccueil', [...])
 5 SYSTEMPATH\CodeIgniter.php(927): App\Controllers\Visiteur->index()
 6 SYSTEMPATH\CodeIgniter.php(482): CodeIgniter\CodeIgniter->runController(Object(App\Controllers\Visiteur))
 7 SYSTEMPATH\CodeIgniter.php(351): CodeIgniter\CodeIgniter->handleRequest(null, Object(Config\Cache), false)
 8 FCPATH\index.php(67): CodeIgniter\CodeIgniter->run()
CRITICAL - 2023-03-14 09:09:07 --> Invalid file: l_compatable.php
in SYSTEMPATH\Exceptions\FrameworkException.php on line 33.
 1 SYSTEMPATH\View\View.php(201): CodeIgniter\Exceptions\FrameworkException::forInvalidFile('l_compatable.php')
 2 SYSTEMPATH\View\View.php(229): CodeIgniter\View\View->render('l_compatable', [], true)
 3 SYSTEMPATH\Common.php(1134): CodeIgniter\View\View->render('v_comptableAccueil', [], true)
 4 APPPATH\Controllers\Visiteur.php(56): view('v_comptableAccueil', [...])
 5 SYSTEMPATH\CodeIgniter.php(927): App\Controllers\Visiteur->index()
 6 SYSTEMPATH\CodeIgniter.php(482): CodeIgniter\CodeIgniter->runController(Object(App\Controllers\Visiteur))
 7 SYSTEMPATH\CodeIgniter.php(351): CodeIgniter\CodeIgniter->handleRequest(null, Object(Config\Cache), false)
 8 FCPATH\index.php(67): CodeIgniter\CodeIgniter->run()
CRITICAL - 2023-03-14 09:13:51 --> Class 'App\Controllers\ActionsComptable' not found
in APPPATH\Controllers\Comptable.php on line 29.
 1 APPPATH\Controllers\Comptable.php(71): App\Controllers\Comptable->checkAuth()
 2 SYSTEMPATH\CodeIgniter.php(927): App\Controllers\Comptable->lesFiches()
 3 SYSTEMPATH\CodeIgniter.php(482): CodeIgniter\CodeIgniter->runController(Object(App\Controllers\Comptable))
 4 SYSTEMPATH\CodeIgniter.php(351): CodeIgniter\CodeIgniter->handleRequest(null, Object(Config\Cache), false)
 5 FCPATH\index.php(67): CodeIgniter\CodeIgniter->run()
CRITICAL - 2023-03-14 09:14:56 --> Class 'App\Controllers\ActionsComptable' not found
in APPPATH\Controllers\Comptable.php on line 29.
 1 APPPATH\Controllers\Comptable.php(71): App\Controllers\Comptable->checkAuth()
 2 SYSTEMPATH\CodeIgniter.php(927): App\Controllers\Comptable->lesFiches()
 3 SYSTEMPATH\CodeIgniter.php(482): CodeIgniter\CodeIgniter->runController(Object(App\Controllers\Comptable))
 4 SYSTEMPATH\CodeIgniter.php(351): CodeIgniter\CodeIgniter->handleRequest(null, Object(Config\Cache), false)
 5 FCPATH\index.php(67): CodeIgniter\CodeIgniter->run()
CRITICAL - 2023-03-14 09:15:02 --> Class 'App\Controllers\ActionsComptable' not found
in APPPATH\Controllers\Comptable.php on line 29.
 1 APPPATH\Controllers\Comptable.php(71): App\Controllers\Comptable->checkAuth()
 2 SYSTEMPATH\CodeIgniter.php(927): App\Controllers\Comptable->lesFiches()
 3 SYSTEMPATH\CodeIgniter.php(482): CodeIgniter\CodeIgniter->runController(Object(App\Controllers\Comptable))
 4 SYSTEMPATH\CodeIgniter.php(351): CodeIgniter\CodeIgniter->handleRequest(null, Object(Config\Cache), false)
 5 FCPATH\index.php(67): CodeIgniter\CodeIgniter->run()
CRITICAL - 2023-03-14 09:15:26 --> Class 'App\Models\ActionsComptable' not found
in APPPATH\Controllers\Comptable.php on line 29.
 1 APPPATH\Controllers\Comptable.php(71): App\Controllers\Comptable->checkAuth()
 2 SYSTEMPATH\CodeIgniter.php(927): App\Controllers\Comptable->lesFiches()
 3 SYSTEMPATH\CodeIgniter.php(482): CodeIgniter\CodeIgniter->runController(Object(App\Controllers\Comptable))
 4 SYSTEMPATH\CodeIgniter.php(351): CodeIgniter\CodeIgniter->handleRequest(null, Object(Config\Cache), false)
 5 FCPATH\index.php(67): CodeIgniter\CodeIgniter->run()
CRITICAL - 2023-03-14 09:17:22 --> Class 'App\Models\ActionsComptable' not found
in APPPATH\Controllers\Comptable.php on line 29.
 1 APPPATH\Controllers\Comptable.php(71): App\Controllers\Comptable->checkAuth()
 2 SYSTEMPATH\CodeIgniter.php(927): App\Controllers\Comptable->lesFiches()
 3 SYSTEMPATH\CodeIgniter.php(482): CodeIgniter\CodeIgniter->runController(Object(App\Controllers\Comptable))
 4 SYSTEMPATH\CodeIgniter.php(351): CodeIgniter\CodeIgniter->handleRequest(null, Object(Config\Cache), false)
 5 FCPATH\index.php(67): CodeIgniter\CodeIgniter->run()
CRITICAL - 2023-03-14 09:17:43 --> Class 'App\Models\ActionsComptable' not found
in APPPATH\Controllers\Comptable.php on line 29.
 1 APPPATH\Controllers\Comptable.php(71): App\Controllers\Comptable->checkAuth()
 2 SYSTEMPATH\CodeIgniter.php(927): App\Controllers\Comptable->lesFiches()
 3 SYSTEMPATH\CodeIgniter.php(482): CodeIgniter\CodeIgniter->runController(Object(App\Controllers\Comptable))
 4 SYSTEMPATH\CodeIgniter.php(351): CodeIgniter\CodeIgniter->handleRequest(null, Object(Config\Cache), false)
 5 FCPATH\index.php(67): CodeIgniter\CodeIgniter->run()
CRITICAL - 2023-03-14 09:58:14 --> Invalid file: errors/html/error_401.php
in SYSTEMPATH\Exceptions\FrameworkException.php on line 33.
 1 SYSTEMPATH\View\View.php(201): CodeIgniter\Exceptions\FrameworkException::forInvalidFile('errors/html/error_401.php')
 2 SYSTEMPATH\Common.php(1134): CodeIgniter\View\View->render('errors/html/error_401', [], true)
 3 APPPATH\Controllers\Comptable.php(42): view('errors/html/error_401')
 4 APPPATH\Controllers\Comptable.php(75): App\Controllers\Comptable->unauthorizedAccess()
 5 SYSTEMPATH\CodeIgniter.php(927): App\Controllers\Comptable->seDeconnecter()
 6 SYSTEMPATH\CodeIgniter.php(482): CodeIgniter\CodeIgniter->runController(Object(App\Controllers\Comptable))
 7 SYSTEMPATH\CodeIgniter.php(351): CodeIgniter\CodeIgniter->handleRequest(null, Object(Config\Cache), false)
 8 FCPATH\index.php(67): CodeIgniter\CodeIgniter->run()
CRITICAL - 2023-03-14 09:58:31 --> Invalid file: errors/html/error_401.php
in SYSTEMPATH\Exceptions\FrameworkException.php on line 33.
 1 SYSTEMPATH\View\View.php(201): CodeIgniter\Exceptions\FrameworkException::forInvalidFile('errors/html/error_401.php')
 2 SYSTEMPATH\Common.php(1134): CodeIgniter\View\View->render('errors/html/error_401', [], true)
 3 APPPATH\Controllers\Visiteur.php(42): view('errors/html/error_401')
 4 APPPATH\Controllers\Visiteur.php(49): App\Controllers\Visiteur->unauthorizedAccess()
 5 SYSTEMPATH\CodeIgniter.php(927): App\Controllers\Visiteur->index()
 6 SYSTEMPATH\CodeIgniter.php(482): CodeIgniter\CodeIgniter->runController(Object(App\Controllers\Visiteur))
 7 SYSTEMPATH\CodeIgniter.php(351): CodeIgniter\CodeIgniter->handleRequest(null, Object(Config\Cache), false)
 8 FCPATH\index.php(67): CodeIgniter\CodeIgniter->run()
CRITICAL - 2023-03-14 09:58:35 --> Invalid file: errors/html/error_401.php
in SYSTEMPATH\Exceptions\FrameworkException.php on line 33.
 1 SYSTEMPATH\View\View.php(201): CodeIgniter\Exceptions\FrameworkException::forInvalidFile('errors/html/error_401.php')
 2 SYSTEMPATH\Common.php(1134): CodeIgniter\View\View->render('errors/html/error_401', [], true)
 3 APPPATH\Controllers\Visiteur.php(42): view('errors/html/error_401')
 4 APPPATH\Controllers\Visiteur.php(49): App\Controllers\Visiteur->unauthorizedAccess()
 5 SYSTEMPATH\CodeIgniter.php(927): App\Controllers\Visiteur->index()
 6 SYSTEMPATH\CodeIgniter.php(482): CodeIgniter\CodeIgniter->runController(Object(App\Controllers\Visiteur))
 7 SYSTEMPATH\CodeIgniter.php(351): CodeIgniter\CodeIgniter->handleRequest(null, Object(Config\Cache), false)
 8 FCPATH\index.php(67): CodeIgniter\CodeIgniter->run()
CRITICAL - 2023-03-14 09:58:58 --> Invalid file: errors/html/error_401.php
in SYSTEMPATH\Exceptions\FrameworkException.php on line 33.
 1 SYSTEMPATH\View\View.php(201): CodeIgniter\Exceptions\FrameworkException::forInvalidFile('errors/html/error_401.php')
 2 SYSTEMPATH\Common.php(1134): CodeIgniter\View\View->render('errors/html/error_401', [], true)
 3 APPPATH\Controllers\Visiteur.php(42): view('errors/html/error_401')
 4 APPPATH\Controllers\Visiteur.php(49): App\Controllers\Visiteur->unauthorizedAccess()
 5 SYSTEMPATH\CodeIgniter.php(927): App\Controllers\Visiteur->index()
 6 SYSTEMPATH\CodeIgniter.php(482): CodeIgniter\CodeIgniter->runController(Object(App\Controllers\Visiteur))
 7 SYSTEMPATH\CodeIgniter.php(351): CodeIgniter\CodeIgniter->handleRequest(null, Object(Config\Cache), false)
 8 FCPATH\index.php(67): CodeIgniter\CodeIgniter->run()
CRITICAL - 2023-03-14 10:01:45 --> Undefined variable: auth
in APPPATH\Views\v_connexion.php on line 11.
 1 APPPATH\Views\v_connexion.php(11): CodeIgniter\Debug\Exceptions->errorHandler(8, 'Undefined variable: auth', 'APPPATH\\Views\\v_connexion.php', 11, [])
 2 SYSTEMPATH\View\View.php(213): include('APPPATH\\Views\\v_connexion.php')
 3 SYSTEMPATH\View\View.php(216): CodeIgniter\View\View->CodeIgniter\View\{closure}()
 4 SYSTEMPATH\Common.php(1134): CodeIgniter\View\View->render('v_connexion', [], true)
 5 APPPATH\Controllers\Anonyme.php(14): view('v_connexion', [])
 6 SYSTEMPATH\CodeIgniter.php(927): App\Controllers\Anonyme->index()
 7 SYSTEMPATH\CodeIgniter.php(482): CodeIgniter\CodeIgniter->runController(Object(App\Controllers\Anonyme))
 8 SYSTEMPATH\CodeIgniter.php(351): CodeIgniter\CodeIgniter->handleRequest(null, Object(Config\Cache), false)
 9 FCPATH\index.php(67): CodeIgniter\CodeIgniter->run()
CRITICAL - 2023-03-14 10:02:06 --> syntax error, unexpected 'echo' (T_ECHO)
in APPPATH\Views\v_connexion.php on line 11.
 1 SYSTEMPATH\View\View.php(216): CodeIgniter\View\View->CodeIgniter\View\{closure}()
 2 SYSTEMPATH\Common.php(1134): CodeIgniter\View\View->render('v_connexion', [], true)
 3 APPPATH\Controllers\Anonyme.php(14): view('v_connexion', [])
 4 SYSTEMPATH\CodeIgniter.php(927): App\Controllers\Anonyme->index()
 5 SYSTEMPATH\CodeIgniter.php(482): CodeIgniter\CodeIgniter->runController(Object(App\Controllers\Anonyme))
 6 SYSTEMPATH\CodeIgniter.php(351): CodeIgniter\CodeIgniter->handleRequest(null, Object(Config\Cache), false)
 7 FCPATH\index.php(67): CodeIgniter\CodeIgniter->run()
CRITICAL - 2023-03-14 10:06:02 --> Object of class App\Models\Authentif could not be converted to string
in APPPATH\Views\v_connexion.php on line 11.
 1 SYSTEMPATH\View\View.php(213): include()
 2 SYSTEMPATH\View\View.php(216): CodeIgniter\View\View->CodeIgniter\View\{closure}()
 3 SYSTEMPATH\Common.php(1134): CodeIgniter\View\View->render('v_connexion', [], true)
 4 APPPATH\Controllers\Anonyme.php(20): view('v_connexion', [...])
 5 APPPATH\Controllers\Anonyme.php(47): App\Controllers\Anonyme->index()
 6 SYSTEMPATH\CodeIgniter.php(927): App\Controllers\Anonyme->seConnecter()
 7 SYSTEMPATH\CodeIgniter.php(482): CodeIgniter\CodeIgniter->runController(Object(App\Controllers\Anonyme))
 8 SYSTEMPATH\CodeIgniter.php(351): CodeIgniter\CodeIgniter->handleRequest(null, Object(Config\Cache), false)
 9 FCPATH\index.php(67): CodeIgniter\CodeIgniter->run()
CRITICAL - 2023-03-14 10:11:10 --> Cannot use object of type App\Models\Authentif as array
in APPPATH\Controllers\Anonyme.php on line 18.
 1 APPPATH\Controllers\Anonyme.php(47): App\Controllers\Anonyme->index()
 2 SYSTEMPATH\CodeIgniter.php(927): App\Controllers\Anonyme->seConnecter()
 3 SYSTEMPATH\CodeIgniter.php(482): CodeIgniter\CodeIgniter->runController(Object(App\Controllers\Anonyme))
 4 SYSTEMPATH\CodeIgniter.php(351): CodeIgniter\CodeIgniter->handleRequest(null, Object(Config\Cache), false)
 5 FCPATH\index.php(67): CodeIgniter\CodeIgniter->run()
CRITICAL - 2023-03-14 10:11:14 --> Cannot use object of type App\Models\Authentif as array
in APPPATH\Controllers\Anonyme.php on line 18.
 1 SYSTEMPATH\CodeIgniter.php(927): App\Controllers\Anonyme->index()
 2 SYSTEMPATH\CodeIgniter.php(482): CodeIgniter\CodeIgniter->runController(Object(App\Controllers\Anonyme))
 3 SYSTEMPATH\CodeIgniter.php(351): CodeIgniter\CodeIgniter->handleRequest(null, Object(Config\Cache), false)
 4 FCPATH\index.php(67): CodeIgniter\CodeIgniter->run()
CRITICAL - 2023-03-14 10:11:21 --> Cannot use object of type App\Models\Authentif as array
in APPPATH\Controllers\Anonyme.php on line 18.
 1 APPPATH\Controllers\Anonyme.php(47): App\Controllers\Anonyme->index()
 2 SYSTEMPATH\CodeIgniter.php(927): App\Controllers\Anonyme->seConnecter()
 3 SYSTEMPATH\CodeIgniter.php(482): CodeIgniter\CodeIgniter->runController(Object(App\Controllers\Anonyme))
 4 SYSTEMPATH\CodeIgniter.php(351): CodeIgniter\CodeIgniter->handleRequest(null, Object(Config\Cache), false)
 5 FCPATH\index.php(67): CodeIgniter\CodeIgniter->run()
CRITICAL - 2023-03-14 10:11:41 --> Cannot use object of type App\Models\Authentif as array
in APPPATH\Controllers\Anonyme.php on line 18.
 1 APPPATH\Controllers\Anonyme.php(47): App\Controllers\Anonyme->index()
 2 SYSTEMPATH\CodeIgniter.php(927): App\Controllers\Anonyme->seConnecter()
 3 SYSTEMPATH\CodeIgniter.php(482): CodeIgniter\CodeIgniter->runController(Object(App\Controllers\Anonyme))
 4 SYSTEMPATH\CodeIgniter.php(351): CodeIgniter\CodeIgniter->handleRequest(null, Object(Config\Cache), false)
 5 FCPATH\index.php(67): CodeIgniter\CodeIgniter->run()
CRITICAL - 2023-03-14 10:11:43 --> Cannot use object of type App\Models\Authentif as array
in APPPATH\Controllers\Anonyme.php on line 18.
 1 SYSTEMPATH\CodeIgniter.php(927): App\Controllers\Anonyme->index()
 2 SYSTEMPATH\CodeIgniter.php(482): CodeIgniter\CodeIgniter->runController(Object(App\Controllers\Anonyme))
 3 SYSTEMPATH\CodeIgniter.php(351): CodeIgniter\CodeIgniter->handleRequest(null, Object(Config\Cache), false)
 4 FCPATH\index.php(67): CodeIgniter\CodeIgniter->run()
CRITICAL - 2023-03-14 10:11:50 --> Cannot use object of type App\Models\Authentif as array
in APPPATH\Controllers\Anonyme.php on line 18.
 1 APPPATH\Controllers\Anonyme.php(47): App\Controllers\Anonyme->index()
 2 SYSTEMPATH\CodeIgniter.php(927): App\Controllers\Anonyme->seConnecter()
 3 SYSTEMPATH\CodeIgniter.php(482): CodeIgniter\CodeIgniter->runController(Object(App\Controllers\Anonyme))
 4 SYSTEMPATH\CodeIgniter.php(351): CodeIgniter\CodeIgniter->handleRequest(null, Object(Config\Cache), false)
 5 FCPATH\index.php(67): CodeIgniter\CodeIgniter->run()
CRITICAL - 2023-03-14 10:17:20 --> Cannot use object of type App\Models\Authentif as array
in APPPATH\Controllers\Anonyme.php on line 18.
 1 APPPATH\Controllers\Anonyme.php(47): App\Controllers\Anonyme->index()
 2 SYSTEMPATH\CodeIgniter.php(927): App\Controllers\Anonyme->seConnecter()
 3 SYSTEMPATH\CodeIgniter.php(482): CodeIgniter\CodeIgniter->runController(Object(App\Controllers\Anonyme))
 4 SYSTEMPATH\CodeIgniter.php(351): CodeIgniter\CodeIgniter->handleRequest(null, Object(Config\Cache), false)
 5 FCPATH\index.php(67): CodeIgniter\CodeIgniter->run()
CRITICAL - 2023-03-14 10:17:22 --> Cannot use object of type App\Models\Authentif as array
in APPPATH\Controllers\Anonyme.php on line 18.
 1 SYSTEMPATH\CodeIgniter.php(927): App\Controllers\Anonyme->index()
 2 SYSTEMPATH\CodeIgniter.php(482): CodeIgniter\CodeIgniter->runController(Object(App\Controllers\Anonyme))
 3 SYSTEMPATH\CodeIgniter.php(351): CodeIgniter\CodeIgniter->handleRequest(null, Object(Config\Cache), false)
 4 FCPATH\index.php(67): CodeIgniter\CodeIgniter->run()
CRITICAL - 2023-03-14 10:37:36 --> Cannot redeclare App\Models\ActionsComptable::getLesFichesDuVisiteur()
in APPPATH\Models\ActionsComptable.php on line 50.
 1 [internal function]: CodeIgniter\Debug\Exceptions->shutdownHandler()
